<?xml version="1.0" encoding="UTF-8"?>
<!-- Generated by org.testng.reporters.JUnitReportReporter -->
<testsuite skipped="0" hostname="User-PC" name="com.nike.allpages.test.SelectYourLocationPageTest" tests="1" failures="0" timestamp="14 Jan 2019 04:23:20 GMT" time="7.425" errors="0">
  <testcase name="homePageTest1" time="7.425" classname="com.nike.allpages.test.SelectYourLocationPageTest"/>
</testsuite> <!-- com.nike.allpages.test.SelectYourLocationPageTest -->
