<?xml version="1.0" encoding="UTF-8"?>
<!-- Generated by org.testng.reporters.JUnitReportReporter -->
<testsuite skipped="0" hostname="User-PC" name="com.nike.allpages.test.TestData" tests="3" failures="0" timestamp="30 Dec 2018 20:27:06 GMT" time="95.063" errors="0">
  <testcase name="m1" time="20.505" classname="com.nike.allpages.test.TestData"/>
  <testcase name="m1" time="63.093" classname="com.nike.allpages.test.TestData"/>
  <testcase name="m1" time="11.465" classname="com.nike.allpages.test.TestData"/>
</testsuite> <!-- com.nike.allpages.test.TestData -->
