<?xml version="1.0" encoding="UTF-8"?>
<!-- Generated by org.testng.reporters.JUnitReportReporter -->
<testsuite skipped="0" hostname="User-PC" name="com.nike.allpages.test.HomepageTest" tests="3" failures="0" timestamp="13 Jan 2019 18:54:56 GMT" time="51.245" errors="0">
  <testcase name="homePageTest1" time="15.880" classname="com.nike.allpages.test.HomepageTest"/>
  <testcase name="homePageTest1" time="18.159" classname="com.nike.allpages.test.HomepageTest"/>
  <testcase name="homePageTest1" time="17.206" classname="com.nike.allpages.test.HomepageTest"/>
</testsuite> <!-- com.nike.allpages.test.HomepageTest -->
