<?xml version="1.0" encoding="UTF-8"?>
<!-- Generated by org.testng.reporters.JUnitReportReporter -->
<testsuite skipped="0" hostname="User-PC" name="com.nike.allpages.test.HomepageTest" tests="3" failures="0" timestamp="02 Jan 2019 04:05:39 GMT" time="6.671" errors="0">
  <testcase name="homePageTest3" time="3.385" classname="com.nike.allpages.test.HomepageTest"/>
  <testcase name="homePageTest3" time="1.653" classname="com.nike.allpages.test.HomepageTest"/>
  <testcase name="homePageTest3" time="1.633" classname="com.nike.allpages.test.HomepageTest"/>
</testsuite> <!-- com.nike.allpages.test.HomepageTest -->
