<?xml version="1.0" encoding="UTF-8"?>
<!-- Generated by org.testng.reporters.JUnitReportReporter -->
<testsuite skipped="0" hostname="User-PC" name="com.nike.utilities.BaseClass" tests="1" failures="0" timestamp="30 Dec 2018 01:25:27 GMT" time="0.006" errors="0">
  <testcase name="m" time="0.006" classname="com.nike.utilities.BaseClass"/>
</testsuite> <!-- com.nike.utilities.BaseClass -->
